<?xml version="1.0" encoding="UTF-8"?>
<!-- Generated by org.testng.reporters.JUnitReportReporter -->
<testsuite hostname="Itctesting16" failures="0" tests="3" name="DDFrameWork.Booking" time="12.441" errors="0" timestamp="2022-07-08T14:31:13 GMT+05:30" skipped="0">
  <testcase classname="DDFrameWork.Booking" name="booking3" time="4.116"/>
  <system-out/>
  <testcase classname="DDFrameWork.Booking" name="booking3" time="4.225"/>
  <system-out/>
  <testcase classname="DDFrameWork.Booking" name="booking3" time="4.100"/>
  <system-out/>
</testsuite> <!-- DDFrameWork.Booking -->
