<?xml version="1.0" encoding="UTF-8"?>
<!-- Generated by org.testng.reporters.JUnitReportReporter -->
<testsuite hostname="Itctesting16" failures="0" tests="4" name="DDFrameWork.Login" time="11.044" errors="0" timestamp="2022-07-08T14:31:13 GMT+05:30" skipped="0">
  <testcase classname="DDFrameWork.Login" name="test" time="2.874"/>
  <system-out/>
  <testcase classname="DDFrameWork.Login" name="test" time="2.764"/>
  <system-out/>
  <testcase classname="DDFrameWork.Login" name="test" time="2.635"/>
  <system-out/>
  <testcase classname="DDFrameWork.Login" name="test" time="2.771"/>
  <system-out/>
</testsuite> <!-- DDFrameWork.Login -->
