<?xml version="1.0" encoding="UTF-8"?>
<!-- Generated by org.testng.reporters.JUnitReportReporter -->
<testsuite hostname="Itctesting16" failures="0" tests="1" name="DDFrameWork.MainPage" time="17.205" errors="0" timestamp="2022-07-08T14:31:13 GMT+05:30" skipped="0">
  <testcase classname="DDFrameWork.MainPage" name="mainpage" time="17.205"/>
  <system-out/>
</testsuite> <!-- DDFrameWork.MainPage -->
